[ 2017-04-29T11:52:17+08:00 ] ::1 /bishe/CLY/index.php/Home/Public/messageCode
INFO: [ app_begin ] --START--
INFO: Run Behavior\ReadHtmlCacheBehavior [ RunTime:0.000725s ]
INFO: [ app_begin ] --END-- [ RunTime:0.001348s ]
SQL: SHOW COLUMNS FROM `users` [ RunTime:0.0113s ]
SQL: SELECT * FROM `users` WHERE `phone` = '18334793213' LIMIT 1   [ RunTime:0.0006s ]

[ 2017-04-29T12:02:41+08:00 ] ::1 /bishe/CLY/index.php/Home/Detail/doLogin/s/users
ERR: 非法操作:doLogin

[ 2017-04-29T18:01:56+08:00 ] ::1 /bishe/CLY/index.php/Home/Detail/addCollect
INFO: [ app_begin ] --START--
INFO: Run Behavior\ReadHtmlCacheBehavior [ RunTime:0.000768s ]
INFO: [ app_begin ] --END-- [ RunTime:0.047214s ]
SQL: SHOW COLUMNS FROM `collect` [ RunTime:0.0067s ]
SQL: SHOW COLUMNS FROM `users` [ RunTime:0.0071s ]
NOTIC: [8] Undefined index: validate E:\phpstudy\WWW\bishe\CLY\ThinkPHP\Library\Think\Model.class.php 第 1185 行.
NOTIC: [8] Undefined index: auto E:\phpstudy\WWW\bishe\CLY\ThinkPHP\Library\Think\Model.class.php 第 1128 行.
SQL: INSERT INTO `collect` (`sid`,`uid`,`addtime`) VALUES ('7','60','1493460116') [ RunTime:0.1746s ]
SQL: SELECT * FROM `collect` WHERE `id` = 76 LIMIT 1   [ RunTime:0.0004s ]

[ 2017-04-29T18:02:01+08:00 ] ::1 /bishe/CLY/index.php/Home/Detail/delCollect
INFO: [ app_begin ] --START--
INFO: Run Behavior\ReadHtmlCacheBehavior [ RunTime:0.000709s ]
INFO: [ app_begin ] --END-- [ RunTime:0.001237s ]
SQL: SHOW COLUMNS FROM `collect` [ RunTime:0.0116s ]
SQL: SHOW COLUMNS FROM `users` [ RunTime:0.0103s ]
SQL: DELETE FROM `collect` WHERE `uid` = '60' AND `sid` = '7' [ RunTime:0.1311s ]

